0 silly argv {
0 silly argv   _: [ 'run' ],
0 silly argv   lernaVersion: '8.1.8',
0 silly argv   '$0': '/Users/hamed/Desktop/tucows-code/opencepk-module-ghactions-common/node_modules/.bin/lerna',
0 silly argv   script: 'test'
0 silly argv }
1 notice cli v8.1.8
2 verbose packageConfigs Explicit "packages" configuration found in lerna.json. Resolving packages using the configured glob(s): ["check-commit-message","common","git-upstream-set-check-pr-block","git-upstream-set-create-pr","github-actions-set-permissions","github-flow-check-branch-name","github-flow-check-commit-message","github-flow-mirror-repo","github-flow-sync-with-mirror","github-flow-update-pr-title","github-flow-update-release-notes","github-set-actions-permissions","update-release-notes"]
3 verbose rootPath /Users/hamed/Desktop/tucows-code/opencepk-module-ghactions-common
4 error Failed to process project graph. Run "nx reset" to fix this. Please report the issue if you keep seeing it.
4 error   MultipleProjectsWithSameNameError: The following projects are defined in multiple locations:
4 error   - check-pr-blockage:
4 error     - git-upstream-set-check-pr-block
4 error     - git-upstream-set-create-pr
4 error   - commit-message-check-action:
4 error     - check-commit-message
4 error     - github-flow-check-branch-name
4 error     - github-flow-check-commit-message
4 error   - update-release-notes:
4 error     - github-flow-update-release-notes
4 error     - update-release-notes
4 error
4 error   To fix this, set a unique name for each project in a project.json inside the project's root. If the project does not currently have a project.json, you can create one that contains only a name.
4 error       at validateAndNormalizeProjectRootMap (/Users/hamed/Desktop/tucows-code/opencepk-module-ghactions-common/node_modules/nx/src/project-graph/utils/project-configuration-utils.js:436:15)
4 error       at mergeCreateNodesResults (/Users/hamed/Desktop/tucows-code/opencepk-module-ghactions-common/node_modules/nx/src/project-graph/utils/project-configuration-utils.js:322:9)
4 error       at /Users/hamed/Desktop/tucows-code/opencepk-module-ghactions-common/node_modules/nx/src/project-graph/utils/project-configuration-utils.js:267:85
4 error       at process.processTicksAndRejections (node:internal/process/task_queues:95:5)
4 error       at async buildProjectGraphAndSourceMapsWithoutDaemon (/Users/hamed/Desktop/tucows-code/opencepk-module-ghactions-common/node_modules/nx/src/project-graph/project-graph.js:80:31)
4 error       at async createProjectGraphAndSourceMapsAsync (/Users/hamed/Desktop/tucows-code/opencepk-module-ghactions-common/node_modules/nx/src/project-graph/project-graph.js:208:25)
4 error       at async createProjectGraphAsync (/Users/hamed/Desktop/tucows-code/opencepk-module-ghactions-common/node_modules/nx/src/project-graph/project-graph.js:198:39)
4 error       at async detectProjects (/Users/hamed/Desktop/tucows-code/opencepk-module-ghactions-common/node_modules/lerna/dist/index.js:2999:25)
